17/07/2026 13:58:20 4688 Information      Microsoft-Windows-Security-Auditing A new process has been created.          
                                                                                                                       
                                                                              Creator Subject:                         
                                                                              	Security ID:		S-1-5-18                  
                                                                              	Account Name:		DISSTESTBEDVM$           
                                                                              	Account Domain:		WORKGROUP              
                                                                              	Logon ID:		0x3E7                        
                                                                                                                       
                                                                              Target Subject:                          
                                                                              	Security ID:		S-1-0-0                   
                                                                              	Account Name:		-                        
                                                                              	Account Domain:		-                      
                                                                              	Logon ID:		0x0                          
                                                                                                                       
                                                                              Process Information:                     
                                                                              	New Process ID:		0x2660                 
                                                                              	New Process Name:	                      
                                                                              C:\Windows\System32\reg.exe              
                                                                              	Token Elevation Type:	                  
                                                                              TokenElevationTypeDefault (1)            
                                                                              	Mandatory Label:		S-1-16-16384          
                                                                              	Creator Process ID:	0x1e90              
                                                                              	Creator Process Name:	                  
                                                                              C:\Windows\System32\cmd.exe              
                                                                              	Process Command Line:	reg  query "HKEY_L
                                                                              OCAL_MACHINE\SYSTEM\CurrentControlSet\Con
                                                                              trol\HotPatch"                           
                                                                                                                       
                                                                              Token Elevation Type indicates the type  
                                                                              of token that was assigned to the new    
                                                                              process in accordance with User Account  
                                                                              Control policy.                          
                                                                                                                       
                                                                              Type 1 is a full token with no           
                                                                              privileges removed or groups disabled.   
                                                                              A full token is only used if User        
                                                                              Account Control is disabled or if the    
                                                                              user is the built-in Administrator       
                                                                              account or a service account.            
                                                                                                                       
                                                                              Type 2 is an elevated token with no      
                                                                              privileges removed or groups disabled.   
                                                                              An elevated token is used when User      
                                                                              Account Control is enabled and the user  
                                                                              chooses to start the program using Run   
                                                                              as administrator.  An elevated token is  
                                                                              also used when an application is         
                                                                              configured to always require             
                                                                              administrative privilege or to always    
                                                                              require maximum privilege, and the user  
                                                                              is a member of the Administrators group. 
                                                                                                                       
                                                                              Type 3 is a limited token with           
                                                                              administrative privileges removed and    
                                                                              administrative groups disabled.  The     
                                                                              limited token is used when User Account  
                                                                              Control is enabled, the application does 
                                                                              not require administrative privilege,    
                                                                              and the user does not choose to start    
                                                                              the program using Run as administrator.  
17/07/2026 13:58:20 4688 Information      Microsoft-Windows-Security-Auditing A new process has been created.          
                                                                                                                       
                                                                              Creator Subject:                         
                                                                              	Security ID:		S-1-5-18                  
                                                                              	Account Name:		DISSTESTBEDVM$           
                                                                              	Account Domain:		WORKGROUP              
                                                                              	Logon ID:		0x3E7                        
                                                                                                                       
                                                                              Target Subject:                          
                                                                              	Security ID:		S-1-0-0                   
                                                                              	Account Name:		-                        
                                                                              	Account Domain:		-                      
                                                                              	Logon ID:		0x0                          
                                                                                                                       
                                                                              Process Information:                     
                                                                              	New Process ID:		0x1a00                 
                                                                              	New Process Name:	                      
                                                                              C:\Windows\System32\conhost.exe          
                                                                              	Token Elevation Type:	                  
                                                                              TokenElevationTypeDefault (1)            
                                                                              	Mandatory Label:		S-1-16-16384          
                                                                              	Creator Process ID:	0x1e90              
                                                                              	Creator Process Name:	                  
                                                                              C:\Windows\System32\cmd.exe              
                                                                              	Process Command Line:	                  
                                                                              \??\C:\WINDOWS\system32\conhost.exe      
                                                                              0xffffffff -ForceV1                      
                                                                                                                       
                                                                              Token Elevation Type indicates the type  
                                                                              of token that was assigned to the new    
                                                                              process in accordance with User Account  
                                                                              Control policy.                          
                                                                                                                       
                                                                              Type 1 is a full token with no           
                                                                              privileges removed or groups disabled.   
                                                                              A full token is only used if User        
                                                                              Account Control is disabled or if the    
                                                                              user is the built-in Administrator       
                                                                              account or a service account.            
                                                                                                                       
                                                                              Type 2 is an elevated token with no      
                                                                              privileges removed or groups disabled.   
                                                                              An elevated token is used when User      
                                                                              Account Control is enabled and the user  
                                                                              chooses to start the program using Run   
                                                                              as administrator.  An elevated token is  
                                                                              also used when an application is         
                                                                              configured to always require             
                                                                              administrative privilege or to always    
                                                                              require maximum privilege, and the user  
                                                                              is a member of the Administrators group. 
                                                                                                                       
                                                                              Type 3 is a limited token with           
                                                                              administrative privileges removed and    
                                                                              administrative groups disabled.  The     
                                                                              limited token is used when User Account  
                                                                              Control is enabled, the application does 
                                                                              not require administrative privilege,    
                                                                              and the user does not choose to start    
                                                                              the program using Run as administrator.  
17/07/2026 13:58:20 4688 Information      Microsoft-Windows-Security-Auditing A new process has been created.          
                                                                                                                       
                                                                              Creator Subject:                         
                                                                              	Security ID:		S-1-5-18                  
                                                                              	Account Name:		DISSTESTBEDVM$           
                                                                              	Account Domain:		WORKGROUP              
                                                                              	Logon ID:		0x3E7                        
                                                                                                                       
                                                                              Target Subject:                          
                                                                              	Security ID:		S-1-0-0                   
                                                                              	Account Name:		-                        
                                                                              	Account Domain:		-                      
                                                                              	Logon ID:		0x0                          
                                                                                                                       
                                                                              Process Information:                     
                                                                              	New Process ID:		0x1e90                 
                                                                              	New Process Name:	                      
                                                                              C:\Windows\System32\cmd.exe              
                                                                              	Token Elevation Type:	                  
                                                                              TokenElevationTypeDefault (1)            
                                                                              	Mandatory Label:		S-1-16-16384          
                                                                              	Creator Process ID:	0x618               
                                                                              	Creator Process Name:	                  
                                                                              C:\Windows\System32\svchost.exe          
                                                                              	Process Command Line:	                  
                                                                              "C:\WINDOWS\system32\cmd.exe" /d /c      
                                                                              C:\WINDOWS\system32\hpatchmonTask.cmd    
                                                                                                                       
                                                                              Token Elevation Type indicates the type  
                                                                              of token that was assigned to the new    
                                                                              process in accordance with User Account  
                                                                              Control policy.                          
                                                                                                                       
                                                                              Type 1 is a full token with no           
                                                                              privileges removed or groups disabled.   
                                                                              A full token is only used if User        
                                                                              Account Control is disabled or if the    
                                                                              user is the built-in Administrator       
                                                                              account or a service account.            
                                                                                                                       
                                                                              Type 2 is an elevated token with no      
                                                                              privileges removed or groups disabled.   
                                                                              An elevated token is used when User      
                                                                              Account Control is enabled and the user  
                                                                              chooses to start the program using Run   
                                                                              as administrator.  An elevated token is  
                                                                              also used when an application is         
                                                                              configured to always require             
                                                                              administrative privilege or to always    
                                                                              require maximum privilege, and the user  
                                                                              is a member of the Administrators group. 
                                                                                                                       
                                                                              Type 3 is a limited token with           
                                                                              administrative privileges removed and    
                                                                              administrative groups disabled.  The     
                                                                              limited token is used when User Account  
                                                                              Control is enabled, the application does 
                                                                              not require administrative privilege,    
                                                                              and the user does not choose to start    
                                                                              the program using Run as administrator.  
17/07/2026 13:58:13 4689 Information      Microsoft-Windows-Security-Auditing A process has exited.                    
                                                                                                                       
                                                                              Subject:                                 
                                                                              	Security ID:		S-1-5-18                  
                                                                              	Account Name:		DISSTESTBEDVM$           
                                                                              	Account Domain:		WORKGROUP              
                                                                              	Logon ID:		0x3E7                        
                                                                                                                       
                                                                              Process Information:                     
                                                                              	Process ID:	0x1404                      
                                                                              	Process Name:	C:\Windows\System32\UIEOrc
                                                                              hestratorStub.exe                        
                                                                              	Exit Status:	0x0                        
17/07/2026 13:58:13 4689 Information      Microsoft-Windows-Security-Auditing A process has exited.                    
                                                                                                                       
                                                                              Subject:                                 
                                                                              	Security ID:		S-1-5-18                  
                                                                              	Account Name:		DISSTESTBEDVM$           
                                                                              	Account Domain:		WORKGROUP              
                                                                              	Logon ID:		0x3E7                        
                                                                                                                       
                                                                              Process Information:                     
                                                                              	Process ID:	0x1c18                      
                                                                              	Process Name:	                          
                                                                              C:\Windows\UUS\amd64\UIEOrchestrator.exe 
                                                                              	Exit Status:	0x0                        
17/07/2026 13:58:13 4688 Information      Microsoft-Windows-Security-Auditing A new process has been created.          
                                                                                                                       
                                                                              Creator Subject:                         
                                                                              	Security ID:		S-1-5-18                  
                                                                              	Account Name:		DISSTESTBEDVM$           
                                                                              	Account Domain:		WORKGROUP              
                                                                              	Logon ID:		0x3E7                        
                                                                                                                       
                                                                              Target Subject:                          
                                                                              	Security ID:		S-1-0-0                   
                                                                              	Account Name:		-                        
                                                                              	Account Domain:		-                      
                                                                              	Logon ID:		0x0                          
                                                                                                                       
                                                                              Process Information:                     
                                                                              	New Process ID:		0x1c18                 
                                                                              	New Process Name:	                      
                                                                              C:\Windows\UUS\amd64\UIEOrchestrator.exe 
                                                                              	Token Elevation Type:	                  
                                                                              TokenElevationTypeDefault (1)            
                                                                              	Mandatory Label:		S-1-16-16384          
                                                                              	Creator Process ID:	0x1404              
                                                                              	Creator Process Name:	C:\Windows\System3
                                                                              2\UIEOrchestratorStub.exe                
                                                                              	Process Command Line:	/StartServer      
                                                                              -Embedding                               
                                                                                                                       
                                                                              Token Elevation Type indicates the type  
                                                                              of token that was assigned to the new    
                                                                              process in accordance with User Account  
                                                                              Control policy.                          
                                                                                                                       
                                                                              Type 1 is a full token with no           
                                                                              privileges removed or groups disabled.   
                                                                              A full token is only used if User        
                                                                              Account Control is disabled or if the    
                                                                              user is the built-in Administrator       
                                                                              account or a service account.            
                                                                                                                       
                                                                              Type 2 is an elevated token with no      
                                                                              privileges removed or groups disabled.   
                                                                              An elevated token is used when User      
                                                                              Account Control is enabled and the user  
                                                                              chooses to start the program using Run   
                                                                              as administrator.  An elevated token is  
                                                                              also used when an application is         
                                                                              configured to always require             
                                                                              administrative privilege or to always    
                                                                              require maximum privilege, and the user  
                                                                              is a member of the Administrators group. 
                                                                                                                       
                                                                              Type 3 is a limited token with           
                                                                              administrative privileges removed and    
                                                                              administrative groups disabled.  The     
                                                                              limited token is used when User Account  
                                                                              Control is enabled, the application does 
                                                                              not require administrative privilege,    
                                                                              and the user does not choose to start    
                                                                              the program using Run as administrator.  
17/07/2026 13:58:13 4688 Information      Microsoft-Windows-Security-Auditing A new process has been created.          
                                                                                                                       
                                                                              Creator Subject:                         
                                                                              	Security ID:		S-1-5-18                  
                                                                              	Account Name:		DISSTESTBEDVM$           
                                                                              	Account Domain:		WORKGROUP              
                                                                              	Logon ID:		0x3E7                        
                                                                                                                       
                                                                              Target Subject:                          
                                                                              	Security ID:		S-1-0-0                   
                                                                              	Account Name:		-                        
                                                                              	Account Domain:		-                      
                                                                              	Logon ID:		0x0                          
                                                                                                                       
                                                                              Process Information:                     
                                                                              	New Process ID:		0x1404                 
                                                                              	New Process Name:	C:\Windows\System32\UI
                                                                              EOrchestratorStub.exe                    
                                                                              	Token Elevation Type:	                  
                                                                              TokenElevationTypeDefault (1)            
                                                                              	Mandatory Label:		S-1-16-16384          
                                                                              	Creator Process ID:	0x18c               
                                                                              	Creator Process Name:	                  
                                                                              C:\Windows\System32\svchost.exe          
                                                                              	Process Command Line:	C:\WINDOWS\System3
                                                                              2\UIEOrchestratorStub.exe /StartServer   
                                                                              -Embedding                               
                                                                                                                       
                                                                              Token Elevation Type indicates the type  
                                                                              of token that was assigned to the new    
                                                                              process in accordance with User Account  
                                                                              Control policy.                          
                                                                                                                       
                                                                              Type 1 is a full token with no           
                                                                              privileges removed or groups disabled.   
                                                                              A full token is only used if User        
                                                                              Account Control is disabled or if the    
                                                                              user is the built-in Administrator       
                                                                              account or a service account.            
                                                                                                                       
                                                                              Type 2 is an elevated token with no      
                                                                              privileges removed or groups disabled.   
                                                                              An elevated token is used when User      
                                                                              Account Control is enabled and the user  
                                                                              chooses to start the program using Run   
                                                                              as administrator.  An elevated token is  
                                                                              also used when an application is         
                                                                              configured to always require             
                                                                              administrative privilege or to always    
                                                                              require maximum privilege, and the user  
                                                                              is a member of the Administrators group. 
                                                                                                                       
                                                                              Type 3 is a limited token with           
                                                                              administrative privileges removed and    
                                                                              administrative groups disabled.  The     
                                                                              limited token is used when User Account  
                                                                              Control is enabled, the application does 
                                                                              not require administrative privilege,    
                                                                              and the user does not choose to start    
                                                                              the program using Run as administrator.  
17/07/2026 13:58:00 4689 Information      Microsoft-Windows-Security-Auditing A process has exited.                    
                                                                                                                       
                                                                              Subject:                                 
                                                                              	Security ID:		S-1-5-21-4209295338-567392
                                                                              030-2519289182-1001                      
                                                                              	Account Name:		dfanalyst                
                                                                              	Account Domain:		disstestbedvm          
                                                                              	Logon ID:		0x1F3F0                      
                                                                                                                       
                                                                              Process Information:                     
                                                                              	Process ID:	0xa8c                       
                                                                              	Process Name:	                          
                                                                              C:\Windows\System32\RuntimeBroker.exe    
                                                                              	Exit Status:	0x0                        
17/07/2026 13:57:45 4689 Information      Microsoft-Windows-Security-Auditing A process has exited.                    
                                                                                                                       
                                                                              Subject:                                 
                                                                              	Security ID:		S-1-5-18                  
                                                                              	Account Name:		DISSTESTBEDVM$           
                                                                              	Account Domain:		WORKGROUP              
                                                                              	Logon ID:		0x3E7                        
                                                                                                                       
                                                                              Process Information:                     
                                                                              	Process ID:	0x19ec                      
                                                                              	Process Name:	                          
                                                                              C:\Windows\System32\svchost.exe          
                                                                              	Exit Status:	0x0                        
17/07/2026 13:57:30 4689 Information      Microsoft-Windows-Security-Auditing A process has exited.                    
                                                                                                                       
                                                                              Subject:                                 
                                                                              	Security ID:		S-1-5-18                  
                                                                              	Account Name:		DISSTESTBEDVM$           
                                                                              	Account Domain:		WORKGROUP              
                                                                              	Logon ID:		0x3E7                        
                                                                                                                       
                                                                              Process Information:                     
                                                                              	Process ID:	0x27f8                      
                                                                              	Process Name:	                          
                                                                              C:\Windows\System32\provtool.exe         
                                                                              	Exit Status:	0x0                        
17/07/2026 13:57:29 4689 Information      Microsoft-Windows-Security-Auditing A process has exited.                    
                                                                                                                       
                                                                              Subject:                                 
                                                                              	Security ID:		S-1-5-18                  
                                                                              	Account Name:		DISSTESTBEDVM$           
                                                                              	Account Domain:		WORKGROUP              
                                                                              	Logon ID:		0x3E7                        
                                                                                                                       
                                                                              Process Information:                     
                                                                              	Process ID:	0x1dbc                      
                                                                              	Process Name:	                          
                                                                              C:\Windows\System32\svchost.exe          
                                                                              	Exit Status:	0x0                        
